d:\semanticmapcoder\semanticmapcodingv6\build\commonlib\x64\release\commonlib.pdb
d:\semanticmapcoder\semanticmapcodingv6\build\commonlib\x64\release\utility.obj
d:\semanticmapcoder\semanticmapcodingv6\build\commonlib\x64\release\picture.obj
d:\semanticmapcoder\semanticmapcodingv6\build\commonlib\x64\release\codingunit.obj
d:\semanticmapcoder\semanticmapcodingv6\build\commonlib\x64\release\arithmetic_codec.obj
d:\semanticmapcoder\semanticmapcodingv6\build\commonlib\x64\release\global_arithmetic.obj
d:\semanticmapcoder\semanticmapcodingv6-siderefine\build\commonlib\x64\release\commonlib.pdb
d:\semanticmapcoder\semanticmapcodingv6-siderefine\build\commonlib\x64\release\utility.obj
d:\semanticmapcoder\semanticmapcodingv6-siderefine\build\commonlib\x64\release\picture.obj
d:\semanticmapcoder\semanticmapcodingv6-siderefine\build\commonlib\x64\release\global_arithmetic.obj
d:\semanticmapcoder\semanticmapcodingv6-siderefine\build\commonlib\x64\release\codingunit.obj
d:\semanticmapcoder\semanticmapcodingv6-siderefine\build\commonlib\x64\release\arithmetic_codec.obj
d:\semanticmapcoder\semanticmapcodingv7\build\commonlib\x64\release\commonlib.pdb
d:\semanticmapcoder\semanticmapcodingv7\build\commonlib\x64\release\utility.obj
d:\semanticmapcoder\semanticmapcodingv7\build\commonlib\x64\release\picture.obj
d:\semanticmapcoder\semanticmapcodingv7\build\commonlib\x64\release\global_arithmetic.obj
d:\semanticmapcoder\semanticmapcodingv7\build\commonlib\x64\release\codingunit.obj
d:\semanticmapcoder\semanticmapcodingv7\build\commonlib\x64\release\arithmetic_codec.obj
d:\semanticmapcoder\semanticmapcodingv6\build\x64\release\commonlib.lib
d:\semanticmapcoder\semanticmapcodingv6-siderefine\build\x64\release\commonlib.lib
d:\semanticmapcoder\semanticmapcodingv7\build\x64\release\commonlib.lib
d:\semanticmapcoder\semanticmapcodingv7\build\commonlib\x64\release\commonlib.tlog\cl.command.1.tlog
d:\semanticmapcoder\semanticmapcodingv7\build\commonlib\x64\release\commonlib.tlog\cl.read.1.tlog
d:\semanticmapcoder\semanticmapcodingv7\build\commonlib\x64\release\commonlib.tlog\cl.write.1.tlog
d:\semanticmapcoder\semanticmapcodingv7\build\commonlib\x64\release\commonlib.tlog\lib-link.read.1.tlog
d:\semanticmapcoder\semanticmapcodingv7\build\commonlib\x64\release\commonlib.tlog\lib-link.write.1.tlog
d:\semanticmapcoder\semanticmapcodingv7\build\commonlib\x64\release\commonlib.tlog\lib.command.1.tlog
